 
================================================================ 
[18-05-2026 12:12:24.79] refresh_daily.bat starting 
================================================================ 

============================================================
Vahdam P&L Daily Refresh
Time: 2026-05-18 12:12:25
============================================================

============================================================
STEP: Windsor ads fetch
============================================================

=== Windsor fetch (ads + Shop Ads GMV Max): 2026-02-17 -> 2026-05-18 ===
  Fetching TikTok Ads spend (all accounts) 2026-02-17 -> 2026-05-18...
  -> 2027 rows (cached ads_all_2026-05-18.json)
Windsor: UK ad spend £135,201, US ad spend $81,919

=== Windsor TikTok Shop orders: 2026-05-04 -> 2026-05-18 ===
  Fetching TikTok Shop orders 2026-05-04 -> 2026-05-18...
  -> 6403 shop orders (cached shop_orders_2026-05-18.json)
  2026-05-14: UK net_orders=279 net_sales=£9,860 | US net_orders=112 net_sales=$2,291
  2026-05-15: UK net_orders=255 net_sales=£8,586 | US net_orders=162 net_sales=$2,434
  2026-05-16: UK net_orders=182 net_sales=£6,711 | US net_orders=84 net_sales=$2,041
  2026-05-17: UK net_orders=204 net_sales=£7,670 | US net_orders=120 net_sales=$2,721
  2026-05-18: UK net_orders=23 net_sales=£952 | US net_orders=19 net_sales=$510
  OK Windsor ads fetch done in 14.3s

============================================================
STEP: Affiliate ingestion
============================================================

=== Affiliate ingestion: 115 CSVs ===
  affiliate_orders_7618108045771573014.csv: 95 rows (UK), 10 skipped
  affiliate_orders_7618108045827917571.csv: 3559 rows (UK), 501 skipped
  affiliate_orders_7618112629404223254 (1).csv: 333 rows (UK), 61 skipped
  affiliate_orders_7618112629404223254.csv: 333 rows (UK), 61 skipped
  affiliate_orders_7618116084742276886.csv: 95 rows (UK), 10 skipped
  affiliate_orders_7618116084742293270 (1).csv: 193 rows (UK), 36 skipped
  affiliate_orders_7618116084742293270.csv: 193 rows (UK), 36 skipped
  affiliate_orders_7618116276750567190.csv: 95 rows (UK), 10 skipped
  affiliate_orders_7618127153351460621.csv: 49 rows (US), 1 skipped
  affiliate_orders_7619934820789815053.csv: 177 rows (US), 1 skipped
  affiliate_orders_7620419652087809794.csv: 99 rows (UK), 13 skipped
  affiliate_orders_7620619541044119310.csv: 39 rows (US), 0 skipped
  affiliate_orders_7620783466079209238.csv: 119 rows (UK), 17 skipped
  affiliate_orders_7621003755477731085.csv: 34 rows (US), 0 skipped
  affiliate_orders_7621012709778016013.csv: 34 rows (US), 0 skipped
  affiliate_orders_7621014096834725646.csv: 3132 rows (US), 114 skipped
  affiliate_orders_7621298271168661270.csv: 122 rows (UK), 13 skipped
  affiliate_orders_7621459092209157902.csv: 37 rows (US), 1 skipped
  affiliate_orders_7621520476203927318.csv: 862 rows (UK), 133 skipped
  affiliate_orders_7621527525382850326.csv: 181 rows (UK), 21 skipped
  affiliate_orders_7621531860463617814.csv: 3223 rows (UK), 477 skipped
  affiliate_orders_7621722821518755597.csv: 43 rows (US), 2 skipped
  affiliate_orders_7621722821518919437.csv: 388 rows (US), 6 skipped
  affiliate_orders_7621764903178782477.csv: 43 rows (US), 2 skipped
  affiliate_orders_7622167634611914509.csv: 110 rows (US), 2 skipped
  affiliate_orders_7622167637368129302 (1).csv: 474 rows (UK), 57 skipped
  affiliate_orders_7622167637368129302.csv: 474 rows (UK), 57 skipped
  affiliate_orders_7622754307382134550.csv: 10679 rows (UK), 1598 skipped
  affiliate_orders_7622762330468976406.csv: 218 rows (UK), 22 skipped
  affiliate_orders_7622863094990276365.csv: 3250 rows (US), 121 skipped
  affiliate_orders_7623007497669854998.csv: 3837 rows (UK), 551 skipped
  affiliate_orders_7623017260693784342.csv: 197 rows (UK), 26 skipped
  affiliate_orders_7623307657520449294.csv: 52 rows (US), 2 skipped
  affiliate_orders_7623398900175914774.csv: 142 rows (UK), 25 skipped
  affiliate_orders_7623401796027254550.csv: 276 rows (UK), 41 skipped
  affiliate_orders_7623401796032366358.csv: 251 rows (UK), 27 skipped
  affiliate_orders_7623625771198826253.csv: 3340 rows (US), 126 skipped
  affiliate_orders_7623634925530629902.csv: 3340 rows (US), 126 skipped
  affiliate_orders_7623681057807894274 (1).csv: 11129 rows (UK), 1688 skipped
  affiliate_orders_7623681057807894274.csv: 11129 rows (UK), 1688 skipped
  affiliate_orders_7623990791112722190.csv: 37 rows (US), 0 skipped
  affiliate_orders_7624084992973080342.csv: 524 rows (UK), 85 skipped
  affiliate_orders_7624097742727104278 - affiliate_orders_7624101360440117014.csv: 8438 rows (UK), 1184 skipped
  affiliate_orders_7624097742727104278.csv: 10864 rows (UK), 1653 skipped
  affiliate_orders_7624101360439641878.csv: 711 rows (UK), 115 skipped
  affiliate_orders_7624101360440117014.csv: 8438 rows (UK), 1184 skipped
  affiliate_orders_7624117856495142679.csv: 959 rows (UK), 145 skipped
  affiliate_orders_7624370960884844310.csv: 1105 rows (UK), 165 skipped
  affiliate_orders_7624421049308907286 (1).csv: 4256 rows (UK), 655 skipped
  affiliate_orders_7624421049308907286.csv: 4256 rows (UK), 655 skipped
  affiliate_orders_7624816096441173782 (1).csv: 959 rows (UK), 145 skipped
  affiliate_orders_7624816096441173782.csv: 959 rows (UK), 145 skipped
  affiliate_orders_7625034074109331222 (1).csv: 8438 rows (UK), 1184 skipped
  affiliate_orders_7625034074109331222.csv: 8438 rows (UK), 1184 skipped
  affiliate_orders_7625062399318083350.csv: 11123 rows (UK), 1694 skipped
  affiliate_orders_7625186264846419726.csv: 265 rows (US), 4 skipped
  affiliate_orders_7625239359948310294.csv: 562 rows (UK), 87 skipped
  affiliate_orders_7625819348065994518.csv: 1260 rows (UK), 189 skipped
  affiliate_orders_7625847757748963086.csv: 315 rows (US), 5 skipped
  affiliate_orders_7625924419978299158.csv: 115 rows (UK), 17 skipped
  affiliate_orders_7626078390311782157.csv: 366 rows (US), 6 skipped
  affiliate_orders_7626325149643769614.csv: 61 rows (US), 1 skipped
  affiliate_orders_7627332185197545238.csv: 1804 rows (UK), 275 skipped
  affiliate_orders_7628078782800299798.csv: 205 rows (UK), 27 skipped
  affiliate_orders_7628088755907839766.csv: 150 rows (UK), 30 skipped
  affiliate_orders_7628089624975443725.csv: 196 rows (US), 5 skipped
  affiliate_orders_7628411525301028622.csv: 33 rows (US), 0 skipped
  affiliate_orders_7628623539114329870.csv: 30 rows (US), 0 skipped
  affiliate_orders_7628918893873039126.csv: 169 rows (UK), 30 skipped
  affiliate_orders_7628921273584748290.csv: 175 rows (UK), 31 skipped
  affiliate_orders_7629137709546178318.csv: 33 rows (US), 0 skipped
  affiliate_orders_7629286956082726669.csv: 28 rows (US), 0 skipped
  affiliate_orders_7629286956082890509.csv: 5 rows (US), 0 skipped
  affiliate_orders_7629615506400216854.csv: 615 rows (UK), 121 skipped
  affiliate_orders_7630069364863944470.csv: 9327 rows (UK), 1345 skipped
  affiliate_orders_7630110015819400982.csv: 3498 rows (UK), 620 skipped
  affiliate_orders_7630114058306258710.csv: 12073 rows (UK), 1916 skipped
  affiliate_orders_7630661404598929165.csv: 115 rows (US), 2 skipped
  affiliate_orders_7630670099477939990.csv: 221 rows (UK), 33 skipped
  affiliate_orders_7630936194633860878.csv: 29 rows (US), 1 skipped
  affiliate_orders_7631477417894610710.csv: 11958 rows (UK), 1899 skipped
  affiliate_orders_7631484288413124365.csv: 47 rows (US), 1 skipped
  affiliate_orders_7631484359346030358.csv: 9312 rows (UK), 1342 skipped
  affiliate_orders_7631486439313950477.csv: 825 rows (US), 26 skipped
  affiliate_orders_7631486439313966861.csv: 4033 rows (US), 144 skipped
  affiliate_orders_7631796340535904022.csv: 192 rows (UK), 35 skipped
  affiliate_orders_7631866229401814798.csv: 44 rows (US), 2 skipped
  affiliate_orders_7631890642620188438.csv: 178 rows (UK), 27 skipped
  affiliate_orders_7631979779726673686.csv: 560 rows (UK), 83 skipped
  affiliate_orders_7632135857084040973.csv: 49 rows (US), 1 skipped
  affiliate_orders_7633232515553511181.csv: 122 rows (US), 3 skipped
  affiliate_orders_7633307367808730893.csv: 877 rows (US), 28 skipped
  affiliate_orders_7633317236296533773.csv: 4155 rows (US), 149 skipped
  affiliate_orders_7633332962641331990.csv: 164 rows (UK), 18 skipped
  affiliate_orders_7634072043345200910.csv: 81 rows (US), 1 skipped
  affiliate_orders_7634082930029119254.csv: 194 rows (UK), 29 skipped
  affiliate_orders_7634167775842420502.csv: 195 rows (UK), 33 skipped
  affiliate_orders_7634464521231255309.csv: 57 rows (US), 0 skipped
  affiliate_orders_7634927799681566486.csv: 1021 rows (UK), 142 skipped
  affiliate_orders_7635393081332745987.csv: 191 rows (UK), 21 skipped
  affiliate_orders_7635480820195378958.csv: 181 rows (US), 4 skipped
  affiliate_orders_7635950060610389774.csv: 27 rows (US), 1 skipped
  affiliate_orders_7636583264975030038.csv: 401 rows (UK), 58 skipped
  affiliate_orders_7636668089674057494.csv: 202 rows (UK), 32 skipped
  affiliate_orders_7636731439807760142.csv: 676 rows (US), 17 skipped
  affiliate_orders_7636731439807792910.csv: 3334 rows (US), 132 skipped
  affiliate_orders_7636731439807825678.csv: 1594 rows (US), 51 skipped
  affiliate_orders_7636957049901451022.csv: 75 rows (US), 1 skipped
  affiliate_orders_7637353640634894093.csv: 4280 rows (US), 153 skipped
  affiliate_orders_7637354780575057678.csv: 45 rows (US), 0 skipped
  affiliate_orders_7638889386077914882.csv: 169 rows (UK), 24 skipped
  affiliate_orders_7639226603968726797.csv: 19 rows (US), 0 skipped
  affiliate_orders_7639613361323378454.csv: 162 rows (UK), 40 skipped
  affiliate_orders_7639615957203486477.csv: 39 rows (US), 0 skipped
  affiliate_orders_7639692610734671638.csv: 174 rows (UK), 33 skipped
  -> 1168 aff_daily, 2316 orders_daily records
  UK GMV: £5,261,638 | UK Commission: £1,061,398
  US GMV: $872,952 | US Commission: $161,901
  Smart promo: 2 monthly entries loaded
  OK Affiliate ingestion done in 17.5s

============================================================
STEP: Merge pnl_daily.json
============================================================
  Overlay: replaced 2026-04-14->2026-05-15 with reference baseline (554 records)
  Windsor top-up: injected 6 (date, region) rows for dates after 2026-05-15
  Wrote C:\Users\Aviral Garg\vahdam-pnl-live\data\pnl_daily.json (4,192,056 bytes)
  Window: 2025-09-20 -> 2026-05-18 (241d)
  Orders: 2509 records
  Affiliate: 1168 records
  Smart promo: 2 entries
  OK Merge pnl_daily.json done in 0.5s

============================================================
STEP: Build dashboard HTML
============================================================
Wrote C:\Users\Aviral Garg\vahdam-pnl-live\public\index.html size: 2790661
Wrote C:\Users\Aviral Garg\vahdam-pnl-live\public\index.html size: 2790661
  OK Build dashboard HTML done in 0.7s

============================================================
Refresh complete. Dashboard: public/index.html
Server: http://localhost:8000/
============================================================
[18-05-2026 12:12:59.04] refresh_daily.bat exit code 0 
